<?xml version="1.0" encoding="UTF-8"?>
<testsuite xmlns:xsi="http://www.w3.org/2001/XMLSchema-instance" xsi:noNamespaceSchemaLocation="https://maven.apache.org/surefire/maven-surefire-plugin/xsd/surefire-test-report.xsd" name="iegcode.maven.AppTest" time="0.012" tests="1" errors="0" skipped="0" failures="0">
  <properties>
    <property name="java.specification.version" value="21"/>
    <property name="sun.jnu.encoding" value="UTF-8"/>
    <property name="java.class.path" value="/Users/elgibran17/Documents/java-apache-maven/iegcode-apache-meven-app/target/test-classes:/Users/elgibran17/Documents/java-apache-maven/iegcode-apache-meven-app/target/classes:/Users/elgibran17/.m2/repository/com/google/code/gson/gson/2.10.1/gson-2.10.1.jar:/Users/elgibran17/Documents/java-apache-maven/iegcode-apache-meven-data/target/iegcode-apache-meven-data-1.0-SNAPSHOT.jar:/Users/elgibran17/.m2/repository/junit/junit/4.11/junit-4.11.jar:/Users/elgibran17/.m2/repository/org/hamcrest/hamcrest-core/1.3/hamcrest-core-1.3.jar:"/>
    <property name="java.vm.vendor" value="Oracle Corporation"/>
    <property name="sun.arch.data.model" value="64"/>
    <property name="java.vendor.url" value="https://java.oracle.com/"/>
    <property name="os.name" value="Mac OS X"/>
    <property name="java.vm.specification.version" value="21"/>
    <property name="sun.java.launcher" value="SUN_STANDARD"/>
    <property name="user.country" value="ID"/>
    <property name="sun.boot.library.path" value="/Library/Java/JavaVirtualMachines/jdk-21.jdk/Contents/Home/lib"/>
    <property name="sun.java.command" value="/Users/elgibran17/Documents/java-apache-maven/iegcode-apache-meven-app/target/surefire/surefirebooter12166424214840379931.jar /Users/elgibran17/Documents/java-apache-maven/iegcode-apache-meven-app/target/surefire 2024-01-06T22-27-25_817-jvmRun1 surefire16765050068707833060tmp surefire_015580708938087827412tmp"/>
    <property name="http.nonProxyHosts" value="local|*.local|169.254/16|*.169.254/16"/>
    <property name="jdk.debug" value="release"/>
    <property name="surefire.test.class.path" value="/Users/elgibran17/Documents/java-apache-maven/iegcode-apache-meven-app/target/test-classes:/Users/elgibran17/Documents/java-apache-maven/iegcode-apache-meven-app/target/classes:/Users/elgibran17/.m2/repository/com/google/code/gson/gson/2.10.1/gson-2.10.1.jar:/Users/elgibran17/Documents/java-apache-maven/iegcode-apache-meven-data/target/iegcode-apache-meven-data-1.0-SNAPSHOT.jar:/Users/elgibran17/.m2/repository/junit/junit/4.11/junit-4.11.jar:/Users/elgibran17/.m2/repository/org/hamcrest/hamcrest-core/1.3/hamcrest-core-1.3.jar:"/>
    <property name="sun.cpu.endian" value="little"/>
    <property name="user.home" value="/Users/elgibran17"/>
    <property name="user.language" value="en"/>
    <property name="java.specification.vendor" value="Oracle Corporation"/>
    <property name="java.version.date" value="2023-10-17"/>
    <property name="java.home" value="/Library/Java/JavaVirtualMachines/jdk-21.jdk/Contents/Home"/>
    <property name="file.separator" value="/"/>
    <property name="basedir" value="/Users/elgibran17/Documents/java-apache-maven/iegcode-apache-meven-app"/>
    <property name="java.vm.compressedOopsMode" value="Zero based"/>
    <property name="line.separator" value="&#10;"/>
    <property name="java.vm.specification.vendor" value="Oracle Corporation"/>
    <property name="java.specification.name" value="Java Platform API Specification"/>
    <property name="apple.awt.application.name" value="ForkedBooter"/>
    <property name="surefire.real.class.path" value="/Users/elgibran17/Documents/java-apache-maven/iegcode-apache-meven-app/target/surefire/surefirebooter12166424214840379931.jar"/>
    <property name="sun.management.compiler" value="HotSpot 64-Bit Tiered Compilers"/>
    <property name="ftp.nonProxyHosts" value="local|*.local|169.254/16|*.169.254/16"/>
    <property name="java.runtime.version" value="21.0.1+12-LTS-29"/>
    <property name="user.name" value="elgibran17"/>
    <property name="stdout.encoding" value="UTF-8"/>
    <property name="path.separator" value=":"/>
    <property name="os.version" value="13.6"/>
    <property name="java.runtime.name" value="Java(TM) SE Runtime Environment"/>
    <property name="file.encoding" value="UTF-8"/>
    <property name="java.vm.name" value="Java HotSpot(TM) 64-Bit Server VM"/>
    <property name="localRepository" value="/Users/elgibran17/.m2/repository"/>
    <property name="java.vendor.url.bug" value="https://bugreport.java.com/bugreport/"/>
    <property name="java.io.tmpdir" value="/var/folders/_s/ctvdd5g17zj0nph7zhnf_gm80000gn/T/"/>
    <property name="java.version" value="21.0.1"/>
    <property name="user.dir" value="/Users/elgibran17/Documents/java-apache-maven/iegcode-apache-meven-app"/>
    <property name="os.arch" value="aarch64"/>
    <property name="java.vm.specification.name" value="Java Virtual Machine Specification"/>
    <property name="native.encoding" value="UTF-8"/>
    <property name="java.library.path" value="/Users/elgibran17/Library/Java/Extensions:/Library/Java/Extensions:/Network/Library/Java/Extensions:/System/Library/Java/Extensions:/usr/lib/java:."/>
    <property name="java.vm.info" value="mixed mode, sharing"/>
    <property name="stderr.encoding" value="UTF-8"/>
    <property name="java.vendor" value="Oracle Corporation"/>
    <property name="java.vm.version" value="21.0.1+12-LTS-29"/>
    <property name="sun.io.unicode.encoding" value="UnicodeBig"/>
    <property name="socksNonProxyHosts" value="local|*.local|169.254/16|*.169.254/16"/>
    <property name="java.class.version" value="65.0"/>
  </properties>
  <testcase name="shouldAnswerWithTrue" classname="iegcode.maven.AppTest" time="0.001"/>
</testsuite>